[INFO] 2021-09-29 12:00:09.317 Aws_Init_Cleanup [140397298000064] Initiate AWS SDK for C++ with Version:1.9.108
[DEBUG] 2021-09-29 12:00:09.317 FileSystemUtils [140397298000064] Environment value for variable HOME is /home/hamza
[DEBUG] 2021-09-29 12:00:09.317 FileSystemUtils [140397298000064] Home directory is missing the final / appending one to normalize
[DEBUG] 2021-09-29 12:00:09.317 FileSystemUtils [140397298000064] Final Home Directory is /home/hamza/
[INFO] 2021-09-29 12:00:09.317 Aws::Config::AWSConfigFileProfileConfigLoader [140397298000064] Initializing config loader against fileName /home/hamza/.aws/credentials and using profilePrefix = 0
[DEBUG] 2021-09-29 12:00:09.317 FileSystemUtils [140397298000064] Environment value for variable HOME is /home/hamza
[DEBUG] 2021-09-29 12:00:09.317 FileSystemUtils [140397298000064] Home directory is missing the final / appending one to normalize
[DEBUG] 2021-09-29 12:00:09.317 FileSystemUtils [140397298000064] Final Home Directory is /home/hamza/
[INFO] 2021-09-29 12:00:09.317 Aws::Config::AWSConfigFileProfileConfigLoader [140397298000064] Initializing config loader against fileName /home/hamza/.aws/config and using profilePrefix = 1
[DEBUG] 2021-09-29 12:00:09.317 FileSystemUtils [140397298000064] Environment value for variable HOME is /home/hamza
[DEBUG] 2021-09-29 12:00:09.317 FileSystemUtils [140397298000064] Home directory is missing the final / appending one to normalize
[DEBUG] 2021-09-29 12:00:09.317 FileSystemUtils [140397298000064] Final Home Directory is /home/hamza/
[DEBUG] 2021-09-29 12:00:09.320 Aws::Config::ConfigFileProfileFSM [140397298000064] found profile default
[DEBUG] 2021-09-29 12:00:09.321 Aws::Config::ConfigFileProfileFSM [140397298000064] found access key AKIAYMNKOGHN2VMCJN47
[INFO] 2021-09-29 12:00:09.322 Aws::Config::AWSProfileConfigLoader [140397298000064] Successfully reloaded configuration.
[DEBUG] 2021-09-29 12:00:09.322 FileSystemUtils [140397298000064] Environment value for variable HOME is /home/hamza
[DEBUG] 2021-09-29 12:00:09.322 FileSystemUtils [140397298000064] Home directory is missing the final / appending one to normalize
[DEBUG] 2021-09-29 12:00:09.322 FileSystemUtils [140397298000064] Final Home Directory is /home/hamza/
[INFO] 2021-09-29 12:00:09.324 Aws::Config::AWSConfigFileProfileConfigLoader [140397298000064] Unable to open config file /home/hamza/.aws/config for reading.
[INFO] 2021-09-29 12:00:09.324 Aws::Config::AWSProfileConfigLoader [140397298000064] Failed to reload configuration.
[INFO] 2021-09-29 12:00:09.324 event-loop [140397298000064] id=0x55b93820c5a0: Initializing edge-triggered epoll
[INFO] 2021-09-29 12:00:09.324 event-loop [140397298000064] id=0x55b93820c5a0: Using eventfd for cross-thread notifications.
[INFO] 2021-09-29 12:00:09.324 event-loop [140397298000064] id=0x55b93820c5a0: Starting event-loop thread.
[INFO] 2021-09-29 12:00:09.324 event-loop [140397298000064] id=0x55b9381e9fb0: Initializing edge-triggered epoll
[INFO] 2021-09-29 12:00:09.324 event-loop [140397298000064] id=0x55b9381e9fb0: Using eventfd for cross-thread notifications.
[INFO] 2021-09-29 12:00:09.324 event-loop [140397298000064] id=0x55b9381e9fb0: Starting event-loop thread.
[INFO] 2021-09-29 12:00:09.324 event-loop [140397289592576] id=0x55b93820c5a0: main loop started
[INFO] 2021-09-29 12:00:09.324 event-loop [140397289592576] id=0x55b93820c5a0: default timeout 100000, and max events to process per tick 100
[INFO] 2021-09-29 12:00:09.324 dns [140397298000064] id=0x55b938210cd0: Initializing default host resolver with 8 max host entries.
[INFO] 2021-09-29 12:00:09.324 event-loop [140397281199872] id=0x55b9381e9fb0: main loop started
[INFO] 2021-09-29 12:00:09.324 event-loop [140397281199872] id=0x55b9381e9fb0: default timeout 100000, and max events to process per tick 100
[INFO] 2021-09-29 12:00:09.325 channel-bootstrap [140397298000064] id=0x55b9382111b0: Initializing client bootstrap with event-loop group 0x55b938211430
[INFO] 2021-09-29 12:00:09.337 CurlHttpClient [140397298000064] Initializing Curl library with version: 7.68.0, ssl version: OpenSSL/1.1.1f
[INFO] 2021-09-29 12:00:09.337 EC2MetadataClient [140397298000064] Using IMDS endpoint: http://169.254.169.254
[DEBUG] 2021-09-29 12:00:09.337 ClientConfiguration [140397298000064] ClientConfiguration will use SDK Auto Resolved profile: [default] if not specified by users.
[WARN] 2021-09-29 12:00:09.338 ClientConfiguration [140397298000064] Retry Strategy will use the default max attempts.
[INFO] 2021-09-29 12:00:09.338 EC2MetadataClient [140397298000064] Creating AWSHttpResourceClient with max connections 2 and scheme http
[INFO] 2021-09-29 12:00:09.338 CurlHandleContainer [140397298000064] Initializing CurlHandleContainer with size 2
[DEBUG] 2021-09-29 12:00:09.338 ClientConfiguration [140397298000064] ClientConfiguration will use SDK Auto Resolved profile: [default] if not specified by users.
[WARN] 2021-09-29 12:00:09.338 ClientConfiguration [140397298000064] Retry Strategy will use the default max attempts.
[DEBUG] 2021-09-29 12:00:09.339 CurlHandleContainer [140397298000064] Attempting to acquire curl connection.
[DEBUG] 2021-09-29 12:00:09.339 CurlHandleContainer [140397298000064] No current connections available in pool. Attempting to create new connections.
[DEBUG] 2021-09-29 12:00:09.339 CurlHandleContainer [140397298000064] attempting to grow pool size by 2
[INFO] 2021-09-29 12:00:09.339 CurlHandleContainer [140397298000064] Pool grown by 2
[INFO] 2021-09-29 12:00:09.339 CurlHandleContainer [140397298000064] Connection has been released. Continuing.
[DEBUG] 2021-09-29 12:00:09.339 CurlHandleContainer [140397298000064] Returning connection handle 0x55b9382d4170
[DEBUG] 2021-09-29 12:00:09.339 CurlHttpClient [140397298000064] Obtained connection handle 0x55b9382d4170
[DEBUG] 2021-09-29 12:00:09.339 CURL [140397298000064] (Text)   Trying 169.254.169.254:80...

[DEBUG] 2021-09-29 12:00:09.339 CURL [140397298000064] (Text) TCP_NODELAY set

[DEBUG] 2021-09-29 12:00:10.341 CURL [140397298000064] (Text) Connection timed out after 1001 milliseconds

[DEBUG] 2021-09-29 12:00:10.341 CURL [140397298000064] (Text) Closing connection 0

[ERROR] 2021-09-29 12:00:10.341 CurlHttpClient [140397298000064] Curl returned error code 28 - Timeout was reached
[DEBUG] 2021-09-29 12:00:10.341 CurlHandleContainer [140397298000064] Destroy curl handle: 0x55b9382d4170
[DEBUG] 2021-09-29 12:00:10.341 CurlHandleContainer [140397298000064] Created replacement handle and released to pool: 0x55b9382d4170
[ERROR] 2021-09-29 12:00:10.341 EC2MetadataClient [140397298000064] Http request to retrieve credentials failed
[WARN] 2021-09-29 12:00:10.341 EC2MetadataClient [140397298000064] Request failed, now waiting 0 ms before attempting again.
[DEBUG] 2021-09-29 12:00:10.341 CurlHandleContainer [140397298000064] Attempting to acquire curl connection.
[INFO] 2021-09-29 12:00:10.341 CurlHandleContainer [140397298000064] Connection has been released. Continuing.
[DEBUG] 2021-09-29 12:00:10.341 CurlHandleContainer [140397298000064] Returning connection handle 0x55b9382d4170
[DEBUG] 2021-09-29 12:00:10.341 CurlHttpClient [140397298000064] Obtained connection handle 0x55b9382d4170
[DEBUG] 2021-09-29 12:00:10.341 CURL [140397298000064] (Text)   Trying 169.254.169.254:80...

[DEBUG] 2021-09-29 12:00:10.341 CURL [140397298000064] (Text) TCP_NODELAY set

[DEBUG] 2021-09-29 12:00:11.343 CURL [140397298000064] (Text) Connection timed out after 1001 milliseconds

[DEBUG] 2021-09-29 12:00:11.343 CURL [140397298000064] (Text) Closing connection 0

[ERROR] 2021-09-29 12:00:11.343 CurlHttpClient [140397298000064] Curl returned error code 28 - Timeout was reached
[DEBUG] 2021-09-29 12:00:11.343 CurlHandleContainer [140397298000064] Destroy curl handle: 0x55b9382d4170
[DEBUG] 2021-09-29 12:00:11.343 CurlHandleContainer [140397298000064] Created replacement handle and released to pool: 0x55b9382d4170
[ERROR] 2021-09-29 12:00:11.343 EC2MetadataClient [140397298000064] Http request to retrieve credentials failed
[ERROR] 2021-09-29 12:00:11.343 EC2MetadataClient [140397298000064] Can not retrieve resource from http://169.254.169.254/latest/meta-data/placement/availability-zone
[INFO] 2021-09-29 12:00:11.343 EC2MetadataClient [140397298000064] Unable to pull region from instance metadata service 
[DEBUG] 2021-09-29 12:00:11.344 FileSystemUtils [140397298000064] Environment value for variable HOME is /home/hamza
[DEBUG] 2021-09-29 12:00:11.344 FileSystemUtils [140397298000064] Home directory is missing the final / appending one to normalize
[DEBUG] 2021-09-29 12:00:11.344 FileSystemUtils [140397298000064] Final Home Directory is /home/hamza/
[INFO] 2021-09-29 12:00:11.344 Aws::Config::AWSConfigFileProfileConfigLoader [140397298000064] Initializing config loader against fileName /home/hamza/.aws/credentials and using profilePrefix = 0
[DEBUG] 2021-09-29 12:00:11.344 FileSystemUtils [140397298000064] Environment value for variable HOME is /home/hamza
[DEBUG] 2021-09-29 12:00:11.344 FileSystemUtils [140397298000064] Home directory is missing the final / appending one to normalize
[DEBUG] 2021-09-29 12:00:11.344 FileSystemUtils [140397298000064] Final Home Directory is /home/hamza/
[DEBUG] 2021-09-29 12:00:11.344 FileSystemUtils [140397298000064] Environment value for variable HOME is /home/hamza
[DEBUG] 2021-09-29 12:00:11.344 FileSystemUtils [140397298000064] Home directory is missing the final / appending one to normalize
[DEBUG] 2021-09-29 12:00:11.344 FileSystemUtils [140397298000064] Final Home Directory is /home/hamza/
[INFO] 2021-09-29 12:00:11.344 ProfileConfigFileAWSCredentialsProvider [140397298000064] Setting provider to read credentials from /home/hamza/.aws/credentials for credentials file and /home/hamza/.aws/config for the config file , for use with profile default
[INFO] 2021-09-29 12:00:11.344 ProcessCredentialsProvider [140397298000064] Setting process credentials provider to read config from default
[WARN] 2021-09-29 12:00:11.344 STSAssumeRoleWithWebIdentityCredentialsProvider [140397298000064] Token file must be specified to use STS AssumeRole web identity creds provider.
[INFO] 2021-09-29 12:00:11.344 SSOCredentialsProvider [140397298000064] Setting sso credentials provider to read config from default
[DEBUG] 2021-09-29 12:00:11.344 DefaultAWSCredentialsProviderChain [140397298000064] The environment variable value AWS_CONTAINER_CREDENTIALS_RELATIVE_URI is 
[DEBUG] 2021-09-29 12:00:11.344 DefaultAWSCredentialsProviderChain [140397298000064] The environment variable value AWS_CONTAINER_CREDENTIALS_FULL_URI is 
[DEBUG] 2021-09-29 12:00:11.344 DefaultAWSCredentialsProviderChain [140397298000064] The environment variable value AWS_EC2_METADATA_DISABLED is 
[INFO] 2021-09-29 12:00:11.344 InstanceProfileCredentialsProvider [140397298000064] Creating Instance with default EC2MetadataClient and refresh rate 300000
[INFO] 2021-09-29 12:00:11.344 DefaultAWSCredentialsProviderChain [140397298000064] Added EC2 metadata service credentials provider to the provider chain.
[DEBUG] 2021-09-29 12:00:11.348 Aws::Config::ConfigFileProfileFSM [140397298000064] found profile default
[DEBUG] 2021-09-29 12:00:11.349 Aws::Config::ConfigFileProfileFSM [140397298000064] found access key AKIAYMNKOGHN2VMCJN47
[INFO] 2021-09-29 12:00:11.350 Aws::Config::AWSProfileConfigLoader [140397298000064] Successfully reloaded configuration.
[INFO] 2021-09-29 12:00:11.351 CurlHandleContainer [140397298000064] Initializing CurlHandleContainer with size 25
[DEBUG] 2021-09-29 12:00:11.351 AWSAuthV4Signer [140397298000064] Note: Http payloads are not being signed. signPayloads=0 http scheme=https
[DEBUG] 2021-09-29 12:00:11.351 AWSAuthV4Signer [140397298000064] Canonical Header String: amz-sdk-invocation-id:E33635AF-BDBE-4488-B2C4-C8431FFD1892
amz-sdk-request:attempt=1
host:s3.us-east-1.amazonaws.com
x-amz-content-sha256:UNSIGNED-PAYLOAD
x-amz-date:20210929T120011Z

[DEBUG] 2021-09-29 12:00:11.351 AWSAuthV4Signer [140397298000064] Signed Headers value:amz-sdk-invocation-id;amz-sdk-request;host;x-amz-content-sha256;x-amz-date
[DEBUG] 2021-09-29 12:00:11.352 AWSAuthV4Signer [140397298000064] Canonical Request String: GET
/

amz-sdk-invocation-id:E33635AF-BDBE-4488-B2C4-C8431FFD1892
amz-sdk-request:attempt=1
host:s3.us-east-1.amazonaws.com
x-amz-content-sha256:UNSIGNED-PAYLOAD
x-amz-date:20210929T120011Z

amz-sdk-invocation-id;amz-sdk-request;host;x-amz-content-sha256;x-amz-date
UNSIGNED-PAYLOAD
[DEBUG] 2021-09-29 12:00:11.352 AWSAuthV4Signer [140397298000064] Final String to sign: AWS4-HMAC-SHA256
20210929T120011Z
20210929/us-east-1/s3/aws4_request
b30a48d28752cd100ee909ea5979bba2fb284bcf214131dc99069dcc48f4dfb0
[DEBUG] 2021-09-29 12:00:11.352 AWSAuthV4Signer [140397298000064] Final computed signing hash: d96f58dbc913e87e71f0689319c06cc8ed21c0160355a6234e569714f992e531
[DEBUG] 2021-09-29 12:00:11.352 AWSAuthV4Signer [140397298000064] Signing request with: AWS4-HMAC-SHA256 Credential=AKIAYMNKOGHN2VMCJN47/20210929/us-east-1/s3/aws4_request, SignedHeaders=amz-sdk-invocation-id;amz-sdk-request;host;x-amz-content-sha256;x-amz-date, Signature=d96f58dbc913e87e71f0689319c06cc8ed21c0160355a6234e569714f992e531
[DEBUG] 2021-09-29 12:00:11.352 AWSClient [140397298000064] Request Successfully signed
[DEBUG] 2021-09-29 12:00:11.352 CurlHandleContainer [140397298000064] Attempting to acquire curl connection.
[DEBUG] 2021-09-29 12:00:11.352 CurlHandleContainer [140397298000064] No current connections available in pool. Attempting to create new connections.
[DEBUG] 2021-09-29 12:00:11.352 CurlHandleContainer [140397298000064] attempting to grow pool size by 2
[INFO] 2021-09-29 12:00:11.352 CurlHandleContainer [140397298000064] Pool grown by 2
[INFO] 2021-09-29 12:00:11.352 CurlHandleContainer [140397298000064] Connection has been released. Continuing.
[DEBUG] 2021-09-29 12:00:11.352 CurlHandleContainer [140397298000064] Returning connection handle 0x55b9382e5300
[DEBUG] 2021-09-29 12:00:11.352 CurlHttpClient [140397298000064] Obtained connection handle 0x55b9382e5300
[DEBUG] 2021-09-29 12:00:11.559 CURL [140397298000064] (Text)   Trying 52.216.96.157:443...

[DEBUG] 2021-09-29 12:00:11.559 CURL [140397298000064] (Text) TCP_NODELAY set

[DEBUG] 2021-09-29 12:00:11.752 CURL [140397298000064] (Text) Connected to s3.us-east-1.amazonaws.com (52.216.96.157) port 443 (#0)

[DEBUG] 2021-09-29 12:00:11.754 CURL [140397298000064] (Text) ALPN, offering h2

[DEBUG] 2021-09-29 12:00:11.754 CURL [140397298000064] (Text) ALPN, offering http/1.1

[DEBUG] 2021-09-29 12:00:11.765 CURL [140397298000064] (Text) successfully set certificate verify locations:

[DEBUG] 2021-09-29 12:00:11.765 CURL [140397298000064] (Text)   CAfile: /etc/ssl/certs/ca-certificates.crt
  CApath: /etc/ssl/certs

[DEBUG] 2021-09-29 12:00:11.765 CURL [140397298000064] (SSLDataOut) 5bytes
[DEBUG] 2021-09-29 12:00:11.765 CURL [140397298000064] (Text) TLSv1.3 (OUT), TLS handshake, Client hello (1):

[DEBUG] 2021-09-29 12:00:11.765 CURL [140397298000064] (SSLDataOut) 512bytes
[DEBUG] 2021-09-29 12:00:11.959 CURL [140397298000064] (SSLDataIn) 5bytes
[DEBUG] 2021-09-29 12:00:11.959 CURL [140397298000064] (Text) TLSv1.3 (IN), TLS handshake, Server hello (2):

[DEBUG] 2021-09-29 12:00:11.959 CURL [140397298000064] (SSLDataIn) 91bytes
[DEBUG] 2021-09-29 12:00:11.959 CURL [140397298000064] (SSLDataIn) 5bytes
[DEBUG] 2021-09-29 12:00:11.959 CURL [140397298000064] (Text) TLSv1.2 (IN), TLS handshake, Certificate (11):

[DEBUG] 2021-09-29 12:00:11.959 CURL [140397298000064] (SSLDataIn) 3324bytes
[DEBUG] 2021-09-29 12:00:11.960 CURL [140397298000064] (SSLDataIn) 5bytes
[DEBUG] 2021-09-29 12:00:11.960 CURL [140397298000064] (Text) TLSv1.2 (IN), TLS handshake, Server key exchange (12):

[DEBUG] 2021-09-29 12:00:11.960 CURL [140397298000064] (SSLDataIn) 333bytes
[DEBUG] 2021-09-29 12:00:11.960 CURL [140397298000064] (SSLDataIn) 5bytes
[DEBUG] 2021-09-29 12:00:11.960 CURL [140397298000064] (Text) TLSv1.2 (IN), TLS handshake, Server finished (14):

[DEBUG] 2021-09-29 12:00:11.960 CURL [140397298000064] (SSLDataIn) 4bytes
[DEBUG] 2021-09-29 12:00:11.960 CURL [140397298000064] (SSLDataOut) 5bytes
[DEBUG] 2021-09-29 12:00:11.960 CURL [140397298000064] (Text) TLSv1.2 (OUT), TLS handshake, Client key exchange (16):

[DEBUG] 2021-09-29 12:00:11.961 CURL [140397298000064] (SSLDataOut) 70bytes
[DEBUG] 2021-09-29 12:00:11.961 CURL [140397298000064] (SSLDataOut) 5bytes
[DEBUG] 2021-09-29 12:00:11.961 CURL [140397298000064] (Text) TLSv1.2 (OUT), TLS change cipher, Change cipher spec (1):

[DEBUG] 2021-09-29 12:00:11.961 CURL [140397298000064] (SSLDataOut) 1bytes
[DEBUG] 2021-09-29 12:00:11.961 CURL [140397298000064] (SSLDataOut) 5bytes
[DEBUG] 2021-09-29 12:00:11.961 CURL [140397298000064] (Text) TLSv1.2 (OUT), TLS handshake, Finished (20):

[DEBUG] 2021-09-29 12:00:11.961 CURL [140397298000064] (SSLDataOut) 16bytes
[DEBUG] 2021-09-29 12:00:12.155 CURL [140397298000064] (SSLDataIn) 5bytes
[DEBUG] 2021-09-29 12:00:12.155 CURL [140397298000064] (SSLDataIn) 5bytes
[DEBUG] 2021-09-29 12:00:12.155 CURL [140397298000064] (Text) TLSv1.2 (IN), TLS handshake, Finished (20):

[DEBUG] 2021-09-29 12:00:12.155 CURL [140397298000064] (SSLDataIn) 16bytes
[DEBUG] 2021-09-29 12:00:12.155 CURL [140397298000064] (Text) SSL connection using TLSv1.2 / ECDHE-RSA-AES128-GCM-SHA256

[DEBUG] 2021-09-29 12:00:12.155 CURL [140397298000064] (Text) ALPN, server did not agree to a protocol

[DEBUG] 2021-09-29 12:00:12.155 CURL [140397298000064] (Text) Server certificate:

[DEBUG] 2021-09-29 12:00:12.155 CURL [140397298000064] (Text)  subject: C=US; ST=Washington; L=Seattle; O=Amazon.com, Inc.; CN=s3.amazonaws.com

[DEBUG] 2021-09-29 12:00:12.155 CURL [140397298000064] (Text)  start date: Jun 23 00:00:00 2021 GMT

[DEBUG] 2021-09-29 12:00:12.155 CURL [140397298000064] (Text)  expire date: Jul 24 23:59:59 2022 GMT

[DEBUG] 2021-09-29 12:00:12.155 CURL [140397298000064] (Text)  subjectAltName: host "s3.us-east-1.amazonaws.com" matched cert's "s3.us-east-1.amazonaws.com"

[DEBUG] 2021-09-29 12:00:12.156 CURL [140397298000064] (Text)  issuer: C=US; O=DigiCert Inc; OU=www.digicert.com; CN=DigiCert Baltimore CA-2 G2

[DEBUG] 2021-09-29 12:00:12.156 CURL [140397298000064] (Text)  SSL certificate verify ok.

[DEBUG] 2021-09-29 12:00:12.156 CURL [140397298000064] (SSLDataOut) 5bytes
[DEBUG] 2021-09-29 12:00:12.156 CURL [140397298000064] (HeaderOut) GET / HTTP/1.1
Host: s3.us-east-1.amazonaws.com
Accept: */*
amz-sdk-invocation-id: E33635AF-BDBE-4488-B2C4-C8431FFD1892
amz-sdk-request: attempt=1
authorization: AWS4-HMAC-SHA256 Credential=AKIAYMNKOGHN2VMCJN47/20210929/us-east-1/s3/aws4_request, SignedHeaders=amz-sdk-invocation-id;amz-sdk-request;host;x-amz-content-sha256;x-amz-date, Signature=d96f58dbc913e87e71f0689319c06cc8ed21c0160355a6234e569714f992e531
user-agent: aws-sdk-cpp/1.9.108 Linux/5.4.72-microsoft-standard-WSL2 x86_64 GCC/9.3.0
x-amz-content-sha256: UNSIGNED-PAYLOAD
x-amz-date: 20210929T120011Z


[DEBUG] 2021-09-29 12:00:12.388 CURL [140397298000064] (SSLDataIn) 5bytes
[DEBUG] 2021-09-29 12:00:12.388 CURL [140397298000064] (Text) Mark bundle as not supporting multiuse

[DEBUG] 2021-09-29 12:00:12.388 CURL [140397298000064] (HeaderIn) HTTP/1.1 200 OK

[DEBUG] 2021-09-29 12:00:12.388 CURL [140397298000064] (HeaderIn) x-amz-id-2: BocbZ8aIau/z2fTZ4x0ouwy7bAO3ZmkntLWOn97OTT/MasgsmCkZC/D/9zC7GqB1ve/uCYpEi0c=

[DEBUG] 2021-09-29 12:00:12.389 CURL [140397298000064] (HeaderIn) x-amz-request-id: MFBPY60K4N5ZARH6

[DEBUG] 2021-09-29 12:00:12.389 CURL [140397298000064] (HeaderIn) Date: Wed, 29 Sep 2021 12:00:12 GMT

[DEBUG] 2021-09-29 12:00:12.389 CURL [140397298000064] (HeaderIn) Content-Type: application/xml

[DEBUG] 2021-09-29 12:00:12.389 CURL [140397298000064] (HeaderIn) Transfer-Encoding: chunked

[DEBUG] 2021-09-29 12:00:12.389 CURL [140397298000064] (HeaderIn) Server: AmazonS3

[DEBUG] 2021-09-29 12:00:12.389 CURL [140397298000064] (HeaderIn) 

[DEBUG] 2021-09-29 12:00:12.389 CURL [140397298000064] (SSLDataIn) 5bytes
[DEBUG] 2021-09-29 12:00:12.389 CURL [140397298000064] (DataIn) 17b
<?xml version="1.0" encoding="UTF-8"?>
<ListAllMyBucketsResult xmlns="http://s3.amazonaws.com/doc/2006-03-01/"><Owner><ID>45f0ca1519d305ce4d82b35657c46ffcc619f9caa8d2ced683839fd9b16080bf</ID><DisplayName>hamzaryzvy</DisplayName></Owner><Buckets><Bucket><Name>sdkuserbucketweb</Name><CreationDate>2021-09-29T11:59:24.000Z</CreationDate></Bucket></Buckets></ListAllMyBucketsResult>

[DEBUG] 2021-09-29 12:00:12.389 CURL [140397298000064] (SSLDataIn) 5bytes
[DEBUG] 2021-09-29 12:00:12.389 CURL [140397298000064] (DataIn) 0


[DEBUG] 2021-09-29 12:00:12.389 CURL [140397298000064] (Text) Connection #0 to host s3.us-east-1.amazonaws.com left intact

[DEBUG] 2021-09-29 12:00:12.389 CurlHttpClient [140397298000064] Returned http response code 200
[DEBUG] 2021-09-29 12:00:12.389 CurlHttpClient [140397298000064] Returned content type application/xml
[DEBUG] 2021-09-29 12:00:12.389 CurlHttpClient [140397298000064] Releasing curl handle 0x55b9382e5300
[DEBUG] 2021-09-29 12:00:12.389 CurlHandleContainer [140397298000064] Releasing curl handle 0x55b9382e5300
[DEBUG] 2021-09-29 12:00:12.389 CurlHandleContainer [140397298000064] Notified waiting threads.
[DEBUG] 2021-09-29 12:00:12.389 AWSClient [140397298000064] Request returned successful response.
[INFO] 2021-09-29 12:00:12.390 CurlHandleContainer [140397298000064] Cleaning up CurlHandleContainer.
[DEBUG] 2021-09-29 12:00:12.390 CurlHandleContainer [140397298000064] Cleaning up 0x55b9382dc910
[DEBUG] 2021-09-29 12:00:12.390 CurlHandleContainer [140397298000064] Cleaning up 0x55b9382e5300
[INFO] 2021-09-29 12:00:12.391 CurlHandleContainer [140397298000064] Cleaning up CurlHandleContainer.
[DEBUG] 2021-09-29 12:00:12.392 CurlHandleContainer [140397298000064] Cleaning up 0x55b9382ce9d0
[DEBUG] 2021-09-29 12:00:12.392 CurlHandleContainer [140397298000064] Cleaning up 0x55b9382d4170
